0 info it worked if it ends with ok
1 verbose cli [ '/usr/bin/nodejs', '/usr/local/bin/npm', 'start' ]
2 info using npm@3.9.5
3 info using node@v4.2.6
4 verbose run-script [ 'prestart', 'start', 'poststart' ]
5 info lifecycle confucius-say@1.0.0~prestart: confucius-say@1.0.0
6 silly lifecycle confucius-say@1.0.0~prestart: no script for prestart, continuing
7 info lifecycle confucius-say@1.0.0~start: confucius-say@1.0.0
8 verbose lifecycle confucius-say@1.0.0~start: unsafe-perm in lifecycle true
9 verbose lifecycle confucius-say@1.0.0~start: PATH: /usr/local/lib/node_modules/npm/bin/node-gyp-bin:/home/joel/Devspace/confucius-say/node_modules/.bin:/usr/bin:/usr/local/heroku/bin:/usr/local/heroku/bin:/usr/local/sbin:/usr/local/bin:/usr/sbin:/usr/bin:/sbin:/bin:/usr/games:/usr/local/games:/snap/bin:/home/joel/android-sdk-linux/tools:/bin:/home/joel/maven/bin:/home/joel/android-sdk-linux;:/home/joel/android-sdk-linux/tools:/usr/lib/jvm/java-8-oracle:/bin:/home/joel/maven/bin:/home/joel/android-sdk-linux/platform-tools:/home/joel/redis-3.2.0/src:/home/joel/android-sdk-linux:/usr/local/lib/scala/bin:/home/joel/.rvm/bin
10 verbose lifecycle confucius-say@1.0.0~start: CWD: /home/joel/Devspace/confucius-say
11 silly lifecycle confucius-say@1.0.0~start: Args: [ '-c', 'node server.js' ]
12 silly lifecycle confucius-say@1.0.0~start: Returned: code: 1  signal: null
13 info lifecycle confucius-say@1.0.0~start: Failed to exec start script
14 verbose stack Error: confucius-say@1.0.0 start: `node server.js`
14 verbose stack Exit status 1
14 verbose stack     at EventEmitter.<anonymous> (/usr/local/lib/node_modules/npm/lib/utils/lifecycle.js:245:16)
14 verbose stack     at emitTwo (events.js:87:13)
14 verbose stack     at EventEmitter.emit (events.js:172:7)
14 verbose stack     at ChildProcess.<anonymous> (/usr/local/lib/node_modules/npm/lib/utils/spawn.js:24:14)
14 verbose stack     at emitTwo (events.js:87:13)
14 verbose stack     at ChildProcess.emit (events.js:172:7)
14 verbose stack     at maybeClose (internal/child_process.js:821:16)
14 verbose stack     at Process.ChildProcess._handle.onexit (internal/child_process.js:211:5)
15 verbose pkgid confucius-say@1.0.0
16 verbose cwd /home/joel/Devspace/confucius-say
17 error Linux 4.4.0-38-generic
18 error argv "/usr/bin/nodejs" "/usr/local/bin/npm" "start"
19 error node v4.2.6
20 error npm  v3.9.5
21 error code ELIFECYCLE
22 error confucius-say@1.0.0 start: `node server.js`
22 error Exit status 1
23 error Failed at the confucius-say@1.0.0 start script 'node server.js'.
23 error Make sure you have the latest version of node.js and npm installed.
23 error If you do, this is most likely a problem with the confucius-say package,
23 error not with npm itself.
23 error Tell the author that this fails on your system:
23 error     node server.js
23 error You can get information on how to open an issue for this project with:
23 error     npm bugs confucius-say
23 error Or if that isn't available, you can get their info via:
23 error     npm owner ls confucius-say
23 error There is likely additional logging output above.
24 verbose exit [ 1, true ]
